c:\users\tolga\source\repos\ımage-processıng\ımage-processıng\debug\vc141.pdb
c:\users\tolga\source\repos\ımage-processıng\ımage-processıng\debug\.netframework,versıon=v4.6.1.assemblyattrıbutes.obj
c:\users\tolga\source\repos\ımage-processıng\ımage-processıng\debug\.netframework,versıon=v4.6.1.assemblyattrıbutes.asm
c:\users\tolga\source\repos\ımage-processıng\ımage-processıng\debug\myform.obj
c:\users\tolga\source\repos\ımage-processıng\ımage-processıng\debug\ımge_bmp.obj
c:\users\tolga\source\repos\ımage-processıng\ımage-processıng\debug\segmentatıon.obj
c:\users\tolga\source\repos\ımage-processıng\ımage-processıng\debug\myvector.obj
c:\users\tolga\source\repos\ımage-processıng\ımage-processıng\debug\clusterıng.obj
c:\users\tolga\source\repos\ımage-processıng\ımage-processıng\debug\fılter.obj
c:\users\tolga\source\repos\ımage-processing\ımage-processing\debug\ımageprocessing.myform.resources
c:\users\tolga\source\repos\ımage-processing\ımage-processing\debug\ımageprocessing.myform2.resources
c:\users\tolga\source\repos\ımage-processıng\debug\ımage-processıng.exe
c:\users\tolga\source\repos\ımage-processıng\debug\ımage-processıng.pdb
c:\users\tolga\source\repos\ımage-processıng\ımage-processıng\debug\ımage-processıng.tlog\metagen.wrıte.1.tlog
c:\users\tolga\source\repos\ımage-processing\ımage-processing\debug\ımage-processing.vcxproj.generateresource.cache
c:\users\tolga\source\repos\ımage-processing\ımage-processing\debug\ımage-processing.vcxprojresolveassemblyreference.cache
c:\users\tolga\source\repos\ımage-processing\ımage-processing\debug\.netframework,version=v4.6.1.assemblyattributes.obj
c:\users\tolga\source\repos\ımage-processing\ımage-processing\debug\clustering.obj
c:\users\tolga\source\repos\ımage-processing\ımage-processing\debug\filter.obj
c:\users\tolga\source\repos\ımage-processing\ımage-processing\debug\histogram-equalization-op.obj
c:\users\tolga\source\repos\ımage-processing\ımage-processing\debug\imge_bmp.obj
c:\users\tolga\source\repos\ımage-processing\ımage-processing\debug\myform.obj
c:\users\tolga\source\repos\ımage-processing\ımage-processing\debug\myform2.obj
c:\users\tolga\source\repos\ımage-processing\ımage-processing\debug\myvector.obj
c:\users\tolga\source\repos\ımage-processing\ımage-processing\debug\segmentation.obj
c:\users\tolga\source\repos\ımage-processing\ımage-processing\debug\vc141.pdb
c:\users\tolga\source\repos\ımage-processing\debug\ımage-processing.pdb
c:\users\tolga\source\repos\ımage-processing\debug\ımage-processing.exe
c:\users\tolga\source\repos\ımage-processing\ımage-processing\debug\ımage-processing.tlog\cl.command.1.tlog
c:\users\tolga\source\repos\ımage-processing\ımage-processing\debug\ımage-processing.tlog\cl.read.1.tlog
c:\users\tolga\source\repos\ımage-processing\ımage-processing\debug\ımage-processing.tlog\cl.write.1.tlog
c:\users\tolga\source\repos\ımage-processing\ımage-processing\debug\ımage-processing.tlog\ımage-processing.write.1u.tlog
c:\users\tolga\source\repos\ımage-processing\ımage-processing\debug\ımage-processing.tlog\link.command.1.tlog
c:\users\tolga\source\repos\ımage-processing\ımage-processing\debug\ımage-processing.tlog\link.read.1.tlog
c:\users\tolga\source\repos\ımage-processing\ımage-processing\debug\ımage-processing.tlog\link.write.1.tlog
c:\users\tolga\source\repos\ımage-processing\ımage-processing\debug\ımage-processing.tlog\metagen.read.1.tlog
c:\users\tolga\source\repos\ımage-processing\ımage-processing\debug\ımage-processing.tlog\metagen.write.1.tlog
c:\users\tolga\source\repos\ımage-processing\ımage-processing\debug\ımage-processing.tlog\mscorlıb.dll.metagen
c:\users\tolga\source\repos\ımage-processing\ımage-processing\debug\ımage-processing.tlog\system.data.dll.metagen
c:\users\tolga\source\repos\ımage-processing\ımage-processing\debug\ımage-processing.tlog\system.dll.metagen
c:\users\tolga\source\repos\ımage-processing\ımage-processing\debug\ımage-processing.tlog\system.drawıng.dll.metagen
c:\users\tolga\source\repos\ımage-processing\ımage-processing\debug\ımage-processing.tlog\system.wındows.forms.datavısualızatıon.dll.metagen
c:\users\tolga\source\repos\ımage-processing\ımage-processing\debug\ımage-processing.tlog\system.wındows.forms.dll.metagen
c:\users\tolga\source\repos\ımage-processing\ımage-processing\debug\ımage-processing.tlog\system.xml.dll.metagen
c:\users\tolga\source\repos\ımage-processing\ımage-processing\debug\ımage-processing.tlog\clr.dll.bi
c:\users\tolga\source\repos\ımage-processing\ımage-processing\debug\ımage-processing.tlog\cluı.dll.bi
c:\users\tolga\source\repos\ımage-processing\ımage-processing\debug\ımage-processing.tlog\mscorwks.dll.bi
c:\users\tolga\source\repos\ımage-processing\ımage-processing\debug\ımage-processing.tlog\tzres.dll.bi
